<?xml version="1.0" encoding="UTF-8" ?>
<testsuite tests="12" failures="0" name="TestSuite" time="84.011" errors="0" skipped="0">
  <properties>
[...]
</properties>
  <testcase classname="runners.TestRunner" name="runScenario" time="9.442"/>
  <testcase classname="runners.TestRunner" name="runScenario" time="4.793"/>
  <testcase classname="runners.TestRunner" name="runScenario" time="12.556"/>
  <testcase classname="runners.TestRunner" name="runScenario" time="5.46"/>
  <testcase classname="runners.TestRunner" name="runScenario" time="19.252"/>
  <testcase classname="runners.TestRunner" name="runScenario" time="5.046"/>
  <testcase classname="runners.TestRunner" name="runScenario" time="4.499"/>
  <testcase classname="runners.TestRunner" name="runScenario" time="4.272"/>
  <testcase classname="runners.TestRunner" name="runScenario" time="4.577"/>
  <testcase classname="runners.TestRunner" name="runScenario" time="4.524"/>
  <testcase classname="runners.TestRunner" name="runScenario" time="5.028"/>
  <testcase classname="runners.TestRunner" name="runScenario" time="4.562"/>
</testsuite>